d:\workspace\document\外包\空域监视\adsbproject\adsbproject\x64\debug\ccommlib.lib
d:\workspace\document\外包\空域监视\adsbproject\adsbproject\x64\debug\ccommlib.exp
d:\workspace\document\外包\空域监视\adsbproject\adsbproject\ccommlib\x64\debug\vc141.pdb
d:\workspace\document\外包\空域监视\adsbproject\adsbproject\ccommlib\x64\debug\vc141.idb
d:\workspace\document\外包\空域监视\adsbproject\adsbproject\ccommlib\x64\debug\altitude_decode.obj
d:\workspace\document\外包\空域监视\adsbproject\adsbproject\ccommlib\x64\debug\cat021decode.obj
d:\workspace\document\外包\空域监视\adsbproject\adsbproject\ccommlib\x64\debug\cat021decode_v21.obj
d:\workspace\document\外包\空域监视\adsbproject\adsbproject\ccommlib\x64\debug\cpr_decode.obj
d:\workspace\document\外包\空域监视\adsbproject\adsbproject\ccommlib\x64\debug\dfmessagedecode.obj
d:\workspace\document\外包\空域监视\adsbproject\adsbproject\ccommlib\x64\debug\dfmessagepredecode.obj
d:\workspace\document\外包\空域监视\adsbproject\adsbproject\ccommlib\x64\debug\message_type.obj
d:\workspace\document\外包\空域监视\adsbproject\adsbproject\ccommlib\x64\debug\range_validation.obj
d:\workspace\document\外包\空域监视\adsbproject\adsbproject\ccommlib\x64\debug\utils.obj
d:\workspace\document\外包\空域监视\adsbproject\adsbproject\ccommlib\x64\debug\main2.obj
d:\workspace\document\外包\空域监视\adsbproject\adsbproject\ccommlib\x64\debug\msg_decode.obj
d:\workspace\document\外包\空域监视\adsbproject\adsbproject\x64\debug\ccommlib.ilk
d:\workspace\document\外包\空域监视\adsbproject\adsbproject\x64\debug\ccommlib.dll
d:\workspace\document\外包\空域监视\adsbproject\adsbproject\x64\debug\ccommlib.pdb
d:\workspace\document\外包\空域监视\adsbproject\adsbproject\ccommlib\x64\debug\ccommlib.tlog\ccommlib.write.1u.tlog
d:\workspace\document\外包\空域监视\adsbproject\adsbproject\ccommlib\x64\debug\ccommlib.tlog\cl.command.1.tlog
d:\workspace\document\外包\空域监视\adsbproject\adsbproject\ccommlib\x64\debug\ccommlib.tlog\cl.read.1.tlog
d:\workspace\document\外包\空域监视\adsbproject\adsbproject\ccommlib\x64\debug\ccommlib.tlog\cl.write.1.tlog
d:\workspace\document\外包\空域监视\adsbproject\adsbproject\ccommlib\x64\debug\ccommlib.tlog\link.command.1.tlog
d:\workspace\document\外包\空域监视\adsbproject\adsbproject\ccommlib\x64\debug\ccommlib.tlog\link.read.1.tlog
d:\workspace\document\外包\空域监视\adsbproject\adsbproject\ccommlib\x64\debug\ccommlib.tlog\link.write.1.tlog
