  utils.c
d:\workspace\document\外包\空域监视\adsbproject\adsbproject\ccommlib\utils.c(56): warning C4477: “sscanf”: 格式字符串“%02X”需要类型“unsigned int *”的参数，但可变参数 1 拥有了类型“char *”
  d:\workspace\document\外包\空域监视\adsbproject\adsbproject\ccommlib\utils.c(56): note: 请考虑在格式字符串中使用“%hhX”
d:\workspace\document\外包\空域监视\adsbproject\adsbproject\ccommlib\utils.c(56): warning C4996: 'sscanf': This function or variable may be unsafe. Consider using sscanf_s instead. To disable deprecation, use _CRT_SECURE_NO_WARNINGS. See online help for details.
  c:\program files (x86)\windows kits\10\include\10.0.15063.0\ucrt\stdio.h(2260): note: 参见“sscanf”的声明
  range_validation.c
  message_type.c
  DFMessagePreDecode.c
d:\workspace\document\外包\空域监视\adsbproject\adsbproject\ccommlib\dfmessagepredecode.c(26): warning C4013: “memcpy”未定义；假设外部返回 int
  DFMessageDecode.c
d:\workspace\document\外包\空域监视\adsbproject\adsbproject\ccommlib\dfmessagedecode.c(161): warning C4244: “函数”: 从“double”转换到“int”，可能丢失数据
d:\workspace\document\外包\空域监视\adsbproject\adsbproject\ccommlib\dfmessagedecode.c(162): warning C4244: “函数”: 从“double”转换到“int”，可能丢失数据
  cpr_decode.c
d:\workspace\document\外包\空域监视\adsbproject\adsbproject\ccommlib\cpr_decode.c(34): warning C4244: “初始化”: 从“double”转换到“short”，可能丢失数据
d:\workspace\document\外包\空域监视\adsbproject\adsbproject\ccommlib\cpr_decode.c(61): warning C4244: “初始化”: 从“double”转换到“int”，可能丢失数据
d:\workspace\document\外包\空域监视\adsbproject\adsbproject\ccommlib\cpr_decode.c(96): warning C4244: “初始化”: 从“double”转换到“int”，可能丢失数据
d:\workspace\document\外包\空域监视\adsbproject\adsbproject\ccommlib\cpr_decode.c(131): warning C4244: “初始化”: 从“double”转换到“int”，可能丢失数据
  cat021Decode_v21.c
  cat021Decode.c
  altitude_decode.c
  正在生成代码...
  msg_decode.cpp
d:\workspace\document\外包\空域监视\adsbproject\adsbproject\ccommlib\cat021decode_v21.h(12): warning C4005: “LATLON_UNIT”: 宏重定义
  d:\workspace\document\外包\空域监视\adsbproject\adsbproject\ccommlib\cat021decode.h(15): note: 参见“LATLON_UNIT”的前一个定义
  main2.cpp
  正在生成代码...
    正在创建库 D:\workspace\document\外包\空域监视\ADSBProject\ADSBProject\..\bin\Debug\CCommLib.lib 和对象 D:\workspace\document\外包\空域监视\ADSBProject\ADSBProject\..\bin\Debug\CCommLib.exp
  CCommLib.vcxproj -> D:\workspace\document\外包\空域监视\ADSBProject\ADSBProject\..\bin\Debug\CCommLib.dll
  CCommLib.vcxproj -> D:\workspace\document\外包\空域监视\ADSBProject\ADSBProject\..\bin\Debug\CCommLib.pdb (Partial PDB)
